# MetaData
# BATCH_SIZE: 20
# RBM_EPOCH_LIMIT: 250
# CRBM_EPOCH_LIMIT: 100
# PLOT_EVERY: 2
# WITH_REGULARIZATION: true
# REGULARIZATION_CONSTANT: 1.0E-6
# WITH_SPARSITY: true
# SPARSITY_CONSTANT: 2.0E-8
# N_HIDDEN_UNIT_RBM: 30
# N_HIDDEN_UNIT_CRBM: 15
# FRAME_RATE: 30
# 
0 -211.98204958735366
2 -806.567295582448
4 -895.9249771049047
6 -1123.655008490585
8 -5087.614384412734
10 -6260.485149100175
12 -7008.626768110169
14 -7073.522517283325
16 -7446.214153867904
18 -7701.080959114782
20 -7799.115955099448
22 -7858.620106720229
24 -8034.022790469754
26 -8271.801685810116
28 -8173.6488597418775
30 -8691.644915614164
32 -8536.401285428274
34 -8581.646758322735
36 -8675.819761392077
38 -9101.503767647322
40 -9037.723254460487
42 -9093.91458087314
44 -9073.292272218352
46 -9269.871076269977
48 -9324.448993862166
50 -9602.917142740585
52 -9732.846457429214
54 -9721.602893042787
56 -9625.95398969944
58 -10037.569313854767
60 -9837.504622280008
62 -9753.692919903999
64 -9871.874517006423
66 -10309.629657436608
68 -10059.865980794428
70 -10216.055395992267
72 -10251.200082733729
74 -10462.586439097688
76 -10440.66554579426
78 -10667.671601743741
80 -10440.084394486845
82 -10628.898882276546
84 -10895.003050461055
86 -10900.489438467597
88 -10849.026726513981
90 -10732.141508918896
92 -11313.640985555197
94 -11053.546129711875
96 -11216.630340407035
98 -11177.505842910527
100 -11180.409882294036
102 -11443.766768590272
104 -11330.992424247997
106 -11507.749224346024
108 -11594.623072991457
110 -11413.430743420484
112 -11846.349417864745
114 -11478.29806100455
116 -12010.724806505625
118 -11915.464521218239
120 -11679.303719797139
122 -12033.801069098736
124 -11863.001656998826
126 -11965.787309359042
128 -12343.950157512942
130 -12258.382552805115
132 -12403.714825353887
134 -12218.723018393955
136 -12466.174016313124
138 -12578.015617548586
140 -12269.18497909094
142 -12386.40871751535
144 -12771.988893158687
146 -12677.141360922886
148 -12699.219602461313
150 -12634.33646198747
152 -12703.163687762235
154 -12507.13714657818
156 -12898.975759409255
158 -12939.16071630112
160 -12705.552949210221
162 -13025.212501440095
164 -12904.820064486326
166 -12874.083748269926
168 -13016.34942796342
170 -12961.138428681832
172 -13236.42969290259
174 -13146.875198305988
176 -13361.740656040944
178 -13175.099431634835
180 -13377.165881957953
182 -13280.818810952309
184 -13492.45501719231
186 -13406.506999917628
188 -13687.28394942877
190 -13689.212062541294
192 -13824.92602403996
194 -13692.41356532231
196 -13852.351122434971
198 -13818.524855517233
200 -14004.43957212875
202 -13856.513413204813
204 -14194.490070956823
206 -14040.587161315772
208 -14117.310209200565
210 -14153.94091476838
212 -14192.207907654509
214 -14193.184918302635
216 -13945.772278644974
218 -14344.443467883058
220 -14214.33380971328
222 -14365.01403394866
224 -14444.569372907577
226 -14431.552189080672
228 -14212.590196829977
230 -14285.214024530196
232 -14485.881172507598
234 -14399.141589165914
236 -14681.68482748213
238 -14761.898421466032
240 -14488.94653778637
242 -14526.29244936344
244 -14543.724681863836
246 -14761.671166644377
248 -14712.199766415888
# total_energy: -11374.749583349627
