# MetaData
# BATCH_SIZE: 20
# RBM_EPOCH_LIMIT: 250
# CRBM_EPOCH_LIMIT: 100
# PLOT_EVERY: 2
# WITH_REGULARIZATION: true
# REGULARIZATION_CONSTANT: 1.0E-6
# WITH_SPARSITY: true
# SPARSITY_CONSTANT: 2.0E-8
# N_HIDDEN_UNIT_RBM: 30
# N_HIDDEN_UNIT_CRBM: 15
# FRAME_RATE: 30
# 
0 -1322.2627046824684
2 -3087.6467959542815
4 -8170.486039276714
6 -22484.00596479106
8 -32087.17338667445
10 -35406.4130369753
12 -38132.413037956074
14 -39881.58532002862
16 -42589.14946756522
18 -44577.41935285884
20 -47286.102806568226
22 -49547.81482147935
24 -51759.02373762793
26 -54043.518956204825
28 -56205.17362736927
30 -58533.057587750234
32 -60429.07342502748
34 -62075.21706156905
36 -63640.757075522706
38 -65664.27485263317
40 -67707.95427403766
42 -68817.6269135179
44 -70493.88233978712
46 -72212.84112626471
48 -73634.59789043645
50 -75485.35737919602
52 -77480.84692560468
54 -78171.73229045
56 -79555.80269398808
58 -80784.09065597031
60 -81778.1002173953
62 -82839.9562650712
64 -84241.95666921946
66 -85380.47939661996
68 -86807.82201008181
70 -88672.97713878613
72 -89021.74583487233
74 -91003.99423812603
76 -91375.37740880046
78 -92313.6077453989
80 -93620.53965907323
82 -94677.89619158804
84 -95628.59308764136
86 -96798.24805554065
88 -97693.29649323253
90 -99557.96382897558
92 -100018.87975085663
94 -101470.13692602415
96 -102622.70016634777
98 -103551.44254152414
100 -104285.32128212218
102 -105252.95816366293
104 -106987.43455466391
106 -107310.53486204191
108 -108069.4434092275
110 -109250.45206627744
112 -110516.75468129377
114 -110926.50874617988
116 -111959.38106365997
118 -112736.32883574732
120 -113023.4743484461
122 -114120.00378186864
124 -114962.5722648756
126 -115757.7286410603
128 -116091.24346502757
130 -117697.27519024843
132 -117996.33591299545
134 -119227.02983139963
136 -119475.73464197948
138 -120364.0314129548
140 -120880.86433303784
142 -121891.16179952651
144 -122200.73502735929
146 -123095.44989905253
148 -125447.79533684316
150 -125898.56855497649
152 -125891.18796306697
154 -127457.30447546962
156 -127902.81287166984
158 -128754.75249288058
160 -129736.8694947498
162 -130151.27629827896
164 -130580.3829450319
166 -131619.295705914
168 -131780.47143668993
170 -133073.48287065432
172 -133386.2695504268
174 -133917.1065378158
176 -134465.49451359216
178 -136391.90832942456
180 -136411.87819070113
182 -136854.30657323883
184 -137567.19874007677
186 -138404.40364086127
188 -139107.79487961147
190 -140525.73996375574
192 -140625.34747943573
194 -141091.3913074521
196 -142466.59865462183
198 -143106.3474205587
200 -142753.62897176802
202 -143973.20415820694
204 -144865.19936248587
206 -145806.5400524914
208 -146170.71156237615
210 -147611.78805125423
212 -147225.62023240782
214 -148378.05060083853
216 -149156.67895758283
218 -149870.5647078912
220 -150228.74290303385
222 -151304.52342011707
224 -152163.15528916512
226 -152551.2113907979
228 -153525.06560265538
230 -154642.1869757314
232 -155058.66432854513
234 -156284.38087579058
236 -156662.88243052587
238 -158061.12952722967
240 -158943.39576714928
242 -159924.450636043
244 -160333.84227785983
246 -161981.32009220388
248 -161813.14519459906
# total_energy: -107810.62274387362
