# MetaData
# BATCH_SIZE: 20
# RBM_EPOCH_LIMIT: 250
# CRBM_EPOCH_LIMIT: 100
# PLOT_EVERY: 2
# WITH_REGULARIZATION: false
# REGULARIZATION_CONSTANT: 1.0E-6
# WITH_SPARSITY: false
# SPARSITY_CONSTANT: 2.0E-8
# N_HIDDEN_UNIT_RBM: 30
# N_HIDDEN_UNIT_CRBM: 15
# FRAME_RATE: 30
# 
0 -210.36013190944874
2 -771.7682330919868
4 -930.5620607240327
6 -1106.6782071990215
8 -3480.2937276454363
10 -4838.145799441975
12 -5628.09223321721
14 -6279.6944255973885
16 -6597.997247532888
18 -6978.551874994578
20 -6996.971306294659
22 -6977.428642095224
24 -7167.870847227699
26 -7230.002786359071
28 -7272.484002536874
30 -7227.907776648084
32 -7487.85538928107
34 -7493.611095143495
36 -7448.234028707358
38 -7657.589402490969
40 -7643.0040446692365
42 -7451.187592670959
44 -7660.9343758090745
46 -7903.656948276619
48 -7784.21363092109
50 -7961.50104286218
52 -8008.273533743423
54 -7693.257526963219
56 -7963.534532835437
58 -8166.132863191359
60 -7987.782506524693
62 -8113.506798595766
64 -8219.053892127618
66 -8579.464153347693
68 -8323.021677174793
70 -8499.918923503503
72 -8562.205101756364
74 -8638.905535968228
76 -8863.507951272652
78 -8818.933717582968
80 -8943.995986846248
82 -8873.400660731108
84 -9048.788725495957
86 -9018.416272370496
88 -8953.10040897073
90 -9292.909412093804
92 -9056.903078189493
94 -9199.060153737528
96 -9324.781932529168
98 -9454.988105618768
100 -9400.954309318438
102 -9586.283592359336
104 -9756.403967210907
106 -9742.931607987273
108 -9727.397067991416
110 -9730.647105308895
112 -10034.30834835664
114 -9721.44242314977
116 -9822.805383084478
118 -9832.207636029016
120 -10064.487493907021
122 -10128.72230089688
124 -10247.952186094606
126 -10390.0154724083
128 -10309.552153628942
130 -10446.922546186892
132 -10411.682984928873
134 -10483.467143929065
136 -10647.731168612885
138 -10448.453421713974
140 -10829.004716439504
142 -10606.96754706469
144 -10714.917342464018
146 -10623.970075477313
148 -10436.746050502901
150 -10690.508596795822
152 -10748.874865990658
154 -10701.786997686046
156 -10991.800037219336
158 -11077.168053112342
160 -10950.39069583794
162 -10903.777460045385
164 -10847.526092248489
166 -10921.556505440407
168 -11156.506253913989
170 -11079.758947328699
172 -11495.991499989026
174 -11241.741375516747
176 -11262.531256806298
178 -11533.476284048369
180 -11507.776652277456
182 -11521.23288220058
184 -11316.653342480122
186 -11595.017048362526
188 -11471.157579403094
190 -11629.710070923087
192 -11419.50775777277
194 -11790.73592652232
196 -11867.562252898308
198 -11954.40514208335
200 -11883.746181851388
202 -11815.151873579687
204 -11950.544172442604
206 -12007.242410451256
208 -11920.40634026629
210 -11951.065019362217
212 -12066.207346817655
214 -12143.178885872383
216 -12160.334673038815
218 -12211.716184697529
220 -12303.394572780204
222 -12240.776727425813
224 -12335.232736429341
226 -12327.594158410846
228 -12194.363486573446
230 -12391.671263578572
232 -12355.098141023136
234 -12237.241304990153
236 -12404.975633834827
238 -12630.268434859036
240 -12615.517913943759
242 -12537.051703966818
244 -12659.679227390046
246 -12623.906678834404
248 -12372.215204604636
# total_energy: -9647.61718562799
