# MetaData
# BATCH_SIZE: 20
# RBM_EPOCH_LIMIT: 250
# CRBM_EPOCH_LIMIT: 100
# PLOT_EVERY: 2
# WITH_REGULARIZATION: true
# REGULARIZATION_CONSTANT: 1.0E-6
# WITH_SPARSITY: true
# SPARSITY_CONSTANT: 2.0E-8
# N_HIDDEN_UNIT_RBM: 30
# N_HIDDEN_UNIT_CRBM: 15
# FRAME_RATE: 30
# 
0 -210.74321323419758
2 -836.8456269407712
4 -860.2401138266512
6 -1229.087040368261
8 -3482.1998838315344
10 -4982.586517049696
12 -6000.10306683982
14 -6404.930955343225
16 -6507.00855808593
18 -6800.0033512318805
20 -6924.33239720621
22 -6961.58438222679
24 -7385.592952409199
26 -7402.20660753519
28 -7594.250405417761
30 -7484.073109165176
32 -7483.709082802878
34 -7687.39369262487
36 -7945.136574277355
38 -7935.748902294375
40 -7935.161966360782
42 -8209.133550498087
44 -8122.5895366335635
46 -8187.411980917221
48 -8106.051185090805
50 -8419.089988219304
52 -8354.700677524936
54 -8460.845191958304
56 -8651.765034746604
58 -8830.174115097589
60 -8727.028350067578
62 -8720.813556716108
64 -9107.1308963237
66 -9072.302677988204
68 -9106.650039160657
70 -9068.053366537268
72 -9352.365249758926
74 -9319.264292772334
76 -9390.635555715831
78 -9736.586820879447
80 -9546.37576098236
82 -9748.076427625978
84 -9923.634581425658
86 -9953.92142976984
88 -9666.77938908035
90 -10249.597278589743
92 -10108.699913623856
94 -10140.710170467843
96 -10506.336384053442
98 -10419.825088047763
100 -10322.9100250342
102 -10398.829523083052
104 -10840.103905406044
106 -10601.011675230717
108 -10806.788532347631
110 -11111.90597362033
112 -11205.203234320077
114 -10760.87639432549
116 -11144.331863890744
118 -11500.746374559338
120 -11385.301304230636
122 -11476.971781199994
124 -11523.226607767567
126 -11849.540313468058
128 -11518.791708312514
130 -11706.217658473795
132 -11750.599455651449
134 -11807.519126799332
136 -11929.767033098982
138 -12173.32054062187
140 -12324.66735657153
142 -12307.15586148835
144 -12404.672687581424
146 -12621.168330375192
148 -12385.782321060555
150 -12671.9007717349
152 -12692.65336685534
154 -12518.034346726217
156 -12942.225952053132
158 -12898.081419330176
160 -12754.267181781966
162 -12969.04660688069
164 -13284.150543903566
166 -13362.760510847062
168 -13212.8051857288
170 -13274.464699123459
172 -13250.575545032681
174 -13232.446322275146
176 -13434.772906178485
178 -13258.344494760095
180 -13484.588764188806
182 -13545.065677142456
184 -13706.402712416406
186 -13795.461826770872
188 -13612.598449488532
190 -13852.393995055367
192 -13858.640525556013
194 -13930.154503355323
196 -14010.987070835032
198 -13898.601137132398
200 -14099.266438298724
202 -13964.51540717743
204 -14063.119788889353
206 -14291.948171240434
208 -14347.907981203094
210 -14289.077619890082
212 -14370.239041735065
214 -14357.641223489425
216 -14624.381992874007
218 -14263.981708829044
220 -14214.364165353218
222 -14639.875969722187
224 -14557.31888587586
226 -14493.47909387188
228 -14582.991858954623
230 -15031.757613009902
232 -14846.142224826099
234 -14517.693689150456
236 -15085.270173546798
238 -14935.602805647413
240 -14731.275269404465
242 -14930.90766344731
244 -14948.572904584782
246 -14952.63683675511
248 -14875.18995268016
# total_energy: -10980.667835787795
