# MetaData
# BATCH_SIZE: 20
# RBM_EPOCH_LIMIT: 250
# CRBM_EPOCH_LIMIT: 100
# PLOT_EVERY: 2
# WITH_REGULARIZATION: false
# REGULARIZATION_CONSTANT: 1.0E-6
# WITH_SPARSITY: false
# SPARSITY_CONSTANT: 2.0E-8
# N_HIDDEN_UNIT_RBM: 30
# N_HIDDEN_UNIT_CRBM: 15
# FRAME_RATE: 30
# 
0 -1330.3054656813188
2 -3058.451831421714
4 -16124.18503700253
6 -27492.225930807836
8 -33996.1066750798
10 -37249.245807577245
12 -39594.468792612875
14 -42040.05926081862
16 -43349.292644947345
18 -44768.219227000394
20 -46389.17369268059
22 -48504.21724386284
24 -49463.06146708705
26 -51689.35491020878
28 -52848.80337524556
30 -54780.67190810201
32 -56642.44485710558
34 -57918.05217070006
36 -59891.985511485764
38 -61287.645852063266
40 -62892.45096737713
42 -64213.295601805374
44 -65418.68134090913
46 -66950.54387209192
48 -67624.6176761175
50 -69759.30068173296
52 -70671.30323528509
54 -72273.18319901165
56 -73087.90407841533
58 -74266.50218074158
60 -76110.75482951372
62 -76351.7512245132
64 -77621.45346334565
66 -78792.47733088584
68 -78934.47159443829
70 -79893.9768198974
72 -80584.39911504934
74 -81379.09226533213
76 -81759.06247381814
78 -83106.25896073328
80 -84303.80901123254
82 -84362.41398310519
84 -85169.23668520227
86 -85748.01148077675
88 -86339.56312269108
90 -87816.65012240388
92 -88455.28359845844
94 -88772.2170453694
96 -90433.73064967101
98 -89857.70186495625
100 -91151.17953885926
102 -91696.00475780036
104 -92076.51423358169
106 -92009.41464570448
108 -92403.91300211122
110 -93484.97293441372
112 -93381.01567807845
114 -93966.32690261428
116 -94407.0117219535
118 -95134.5755823538
120 -95350.76678535949
122 -95955.21705397312
124 -96410.54380951579
126 -96971.09731820834
128 -97144.18424145467
130 -97079.65838794898
132 -97314.13989221826
134 -97955.13097089887
136 -97831.21452749697
138 -98071.29811602285
140 -98676.48528585676
142 -98808.66062699362
144 -98969.97785392463
146 -99337.68904048743
148 -99446.63719449131
150 -100365.86920918415
152 -100213.91605949462
154 -100254.06341612597
156 -101022.19502496938
158 -100778.97760444182
160 -100809.91021071783
162 -101800.28865984922
164 -101435.51647220766
166 -102216.77446373801
168 -102160.52105275623
170 -103154.10992452815
172 -102894.3174209201
174 -103203.63048182783
176 -103979.25277706682
178 -103536.62253831983
180 -104213.88641275131
182 -103468.86811125136
184 -103635.92492307503
186 -104375.52105829467
188 -103723.49119709297
190 -104553.00457047301
192 -104433.70420749443
194 -105434.75230762815
196 -105695.31560146065
198 -104954.26042228733
200 -105700.9554156814
202 -105618.015404816
204 -106509.75159506849
206 -106107.71963210785
208 -106059.47299612236
210 -105636.60745587545
212 -106047.16743918981
214 -106411.53475319424
216 -106426.0088686972
218 -106668.20443501844
220 -107595.52879055281
222 -107469.62734841763
224 -107531.65236345177
226 -108116.50958193655
228 -108063.7624343653
230 -108283.00093037808
232 -107794.66549242305
234 -108743.7323994277
236 -108922.55157216075
238 -108728.6359852847
240 -109338.97053259451
242 -109350.8991695799
244 -108786.48786791849
246 -109818.2179652767
248 -108334.7859107771
# total_energy: -86694.24688565574
