# MetaData
# BATCH_SIZE: 20
# RBM_EPOCH_LIMIT: 250
# CRBM_EPOCH_LIMIT: 100
# PLOT_EVERY: 2
# WITH_REGULARIZATION: false
# REGULARIZATION_CONSTANT: 1.0E-6
# WITH_SPARSITY: false
# SPARSITY_CONSTANT: 2.0E-8
# N_HIDDEN_UNIT_RBM: 30
# N_HIDDEN_UNIT_CRBM: 15
# FRAME_RATE: 30
# 
0 -1166.5559193558827
2 -2736.6763593923156
4 -7480.990108706721
6 -22854.555523899046
8 -31354.66233398988
10 -33983.085705262594
12 -35757.60597243108
14 -36626.76235787509
16 -38518.39589268088
18 -39821.54055343437
20 -41324.88404926292
22 -42606.31331632664
24 -43957.14229434039
26 -45960.339053210904
28 -47375.296935366234
30 -48802.67314585171
32 -50343.48107796698
34 -51169.49818041889
36 -52500.303104213526
38 -54216.14769634991
40 -55344.322757723916
42 -56111.33354206167
44 -57114.92356961349
46 -58750.84915986775
48 -60401.4865967685
50 -61150.12196034399
52 -61947.55087315482
54 -64110.8040279833
56 -64314.576199912386
58 -65239.746831482385
60 -66044.69221982767
62 -68098.51387958555
64 -68661.60694982958
66 -69931.57225785562
68 -70301.05302631132
70 -71887.07954540147
72 -72121.51932110018
74 -72965.51029760895
76 -74145.42464285424
78 -74446.07273688626
80 -75488.58901355165
82 -76719.48815604234
84 -76764.11902145286
86 -76973.44614855194
88 -77474.5214935856
90 -78939.34670689848
92 -78930.1061175815
94 -79802.9778690785
96 -79729.04577123176
98 -80513.28910520999
100 -81255.88446383133
102 -81130.57896600019
104 -81729.80056935508
106 -82680.27061140726
108 -83146.41459526958
110 -82984.17337675102
112 -84147.71295238036
114 -84684.89435178203
116 -84921.4539557705
118 -85227.54241226117
120 -85075.06517665714
122 -85883.94160814023
124 -85988.76396698967
126 -86439.28203684546
128 -86645.78809314489
130 -87269.46619609174
132 -86691.52725685359
134 -87200.73969283077
136 -88054.53796097012
138 -88397.19734679862
140 -88819.6664203153
142 -89165.25816127555
144 -88658.64313765205
146 -88998.52913226656
148 -90063.25096887656
150 -90305.71646930577
152 -90127.15443645201
154 -90226.22551474342
156 -90046.22588721069
158 -90743.42485569714
160 -91094.71741960257
162 -90581.74200923354
164 -90721.63200333549
166 -91117.05772237785
168 -91376.13220109587
170 -91815.50096692203
172 -92119.3179799622
174 -92097.03804775121
176 -92035.63316572255
178 -92528.11926833363
180 -92171.84285838356
182 -93108.51437828869
184 -93245.82931881123
186 -93500.67554243955
188 -93184.12813452883
190 -93805.68129020178
192 -93647.93508009474
194 -93997.03264942195
196 -93805.17937738397
198 -94281.74780913781
200 -94258.97311956486
202 -94655.66960918745
204 -94814.67407613652
206 -94795.40049845369
208 -94482.29578087895
210 -94675.41480170669
212 -95005.49669784536
214 -95005.11883642992
216 -95095.80288314771
218 -95496.60766388674
220 -95610.2605199735
222 -95777.82255039988
224 -95403.36025131648
226 -95755.7694996621
228 -95331.80890695943
230 -95672.73689135126
232 -95742.2965438657
234 -95896.38598696687
236 -96054.98994406174
238 -96039.10889065669
240 -96258.86266418463
242 -96744.47496714456
244 -96078.5458706144
246 -96778.5515753994
248 -96173.06076460658
# total_energy: -77260.22941576841
