# MetaData
# BATCH_SIZE: 20
# RBM_EPOCH_LIMIT: 250
# CRBM_EPOCH_LIMIT: 100
# PLOT_EVERY: 2
# WITH_REGULARIZATION: false
# REGULARIZATION_CONSTANT: 1.0E-6
# WITH_SPARSITY: false
# SPARSITY_CONSTANT: 2.0E-8
# N_HIDDEN_UNIT_RBM: 30
# N_HIDDEN_UNIT_CRBM: 15
# FRAME_RATE: 30
# 
0 -245.15626137374477
2 -1050.752287126256
4 -1135.6327450975473
6 -1431.9954820094015
8 -4743.253475358624
10 -6682.062555254431
12 -6735.604877310665
14 -7115.55813796481
16 -7276.814251574809
18 -7846.327048628204
20 -7770.266800713674
22 -8293.19234112983
24 -7687.664855846853
26 -8034.976208308925
28 -7851.889611901627
30 -8039.6323754741625
32 -7682.915220268366
34 -8041.072889401548
36 -8014.006104055866
38 -8055.441326170231
40 -7660.964291823625
42 -8038.896308844962
44 -8205.269319399897
46 -8076.917952125037
48 -7740.939133307457
50 -8044.975573081947
52 -8143.772726390326
54 -8040.171952726564
56 -8022.789651981259
58 -8079.8968480238245
60 -8225.013152950474
62 -7988.411915222177
64 -8333.178357607027
66 -8178.751599729899
68 -8243.515736100304
70 -8686.748404929544
72 -8299.298536761891
74 -8483.748823752758
76 -8275.019068253063
78 -8520.105829757
80 -8412.251829240091
82 -8610.256144291767
84 -8559.879975452248
86 -8565.206729434489
88 -8608.042911918736
90 -8537.133954087083
92 -8664.550558248893
94 -8846.427056814286
96 -8485.890012606984
98 -9024.575034092648
100 -8664.005517690139
102 -8752.841410526242
104 -9006.72759544803
106 -8639.514777459286
108 -9264.44308546345
110 -8748.497630826922
112 -8962.260201145158
114 -9269.947206891266
116 -9165.233808254658
118 -9235.906711969237
120 -9168.145313386553
122 -9335.627544661975
124 -9463.63569595069
126 -9295.412388119194
128 -9054.90963593194
130 -9724.456084368612
132 -9480.523118765892
134 -9178.81843198393
136 -9327.081158332903
138 -9652.184831224264
140 -9325.315415092542
142 -9487.086851628415
144 -9395.656059356344
146 -9512.855657126065
148 -9255.518985572226
150 -9321.032936122108
152 -9689.551169640954
154 -9642.706421680588
156 -9804.014232701908
158 -9790.412639403063
160 -9760.7579309586
162 -9703.291929673931
164 -9665.400817095318
166 -9589.933371873934
168 -9903.49981194328
170 -10136.527711741997
172 -9582.074045577372
174 -9884.770118929096
176 -9904.117983155773
178 -9873.882663566064
180 -9899.976025061153
182 -10252.11020503513
184 -10266.41020247929
186 -9811.015323783884
188 -10036.638469895031
190 -9868.72003808094
192 -10042.143082592162
194 -10370.146104254945
196 -10232.89356095442
198 -10194.456873915738
200 -10467.906990316827
202 -10420.36166104761
204 -10825.31005397631
206 -10253.638205793168
208 -9926.01823022926
210 -10419.744227200124
212 -10593.448879606412
214 -10630.696190062503
216 -10630.432503465487
218 -10646.686414889398
220 -10640.20013706122
222 -10548.824343331395
224 -10507.136656094068
226 -10561.67662801604
228 -10317.725345087123
230 -10590.636136505273
232 -10453.914117235661
234 -10621.93016257631
236 -11008.319282611596
238 -10664.177106710005
240 -10787.499260264141
242 -10490.340648253483
244 -10997.267475529541
246 -10804.559746387942
248 -10887.44295758671
# total_energy: -8925.00637112845
