# MetaData
# BATCH_SIZE: 20
# RBM_EPOCH_LIMIT: 250
# CRBM_EPOCH_LIMIT: 100
# PLOT_EVERY: 2
# WITH_REGULARIZATION: true
# REGULARIZATION_CONSTANT: 1.0E-6
# WITH_SPARSITY: true
# SPARSITY_CONSTANT: 2.0E-8
# N_HIDDEN_UNIT_RBM: 30
# N_HIDDEN_UNIT_CRBM: 15
# FRAME_RATE: 30
# 
0 -231.06522504608975
2 -1066.442413409344
4 -1257.6766750527288
6 -1375.433346865593
8 -4840.644677839826
10 -6654.209865402584
12 -6751.573440024697
14 -7382.427661537345
16 -7544.005931072547
18 -7532.237560637175
20 -7304.9231808223785
22 -7580.861365021166
24 -8107.610608137723
26 -7996.621321393411
28 -7768.739057075895
30 -7955.061935699674
32 -7821.959939299871
34 -7996.829380800208
36 -8085.517730997886
38 -7991.576959487717
40 -7957.618619506182
42 -8054.656287011058
44 -7542.891761876334
46 -8176.898366538984
48 -8380.273082399377
50 -8080.999147577573
52 -8095.120400203124
54 -8193.07688497372
56 -8137.175893582297
58 -8122.2838987864125
60 -8260.911408581542
62 -8220.776061391693
64 -8171.30809631556
66 -8237.056105228567
68 -8230.545615614548
70 -8224.545627345893
72 -8439.84111887353
74 -8208.765128240964
76 -8704.549796921125
78 -8459.134916060208
80 -8060.071118150248
82 -8948.76233780312
84 -8569.201712712342
86 -8205.303915449746
88 -8762.960203132438
90 -8812.610434577802
92 -8606.921151263517
94 -8628.420847183597
96 -8818.179803960666
98 -8698.361099509013
100 -8697.233793704328
102 -9204.192787616163
104 -8749.678800194974
106 -8634.675533125082
108 -8925.619474805362
110 -8906.248207954566
112 -8835.273980239679
114 -9159.755144506667
116 -9109.376074623657
118 -9212.655137955791
120 -8998.236131676007
122 -8950.064298227564
124 -9260.977389397878
126 -9367.192894745664
128 -8970.704854031603
130 -9356.858914229217
132 -9364.344490097885
134 -9502.41273977838
136 -9048.793979649683
138 -9257.198927984939
140 -9397.89777436122
142 -9436.634567632911
144 -9543.783230075771
146 -9560.284721127615
148 -9671.394978003997
150 -9571.126674301166
152 -9653.394210093638
154 -10021.323062690903
156 -9440.420290696327
158 -9715.653814138406
160 -9793.830481559198
162 -9778.53638575262
164 -9798.436343666943
166 -9785.144285416554
168 -9679.256143179762
170 -9906.275622253914
172 -10136.482250567964
174 -10218.566125983101
176 -9902.867973612183
178 -10058.831518830742
180 -10027.413161544097
182 -10057.549311767489
184 -10214.840513404884
186 -10310.685161760664
188 -10659.900425295418
190 -10269.186099250532
192 -10087.864211665297
194 -10273.671683708431
196 -10566.729674984006
198 -10375.652002150428
200 -10690.637715577155
202 -10250.97039502079
204 -10406.566101019696
206 -10621.646579620829
208 -10476.289833135857
210 -10861.410254484095
212 -10313.644590904143
214 -10682.953706375327
216 -10525.877031626811
218 -10608.368235951692
220 -10751.812920784463
222 -10244.984785572358
224 -10852.332381250671
226 -10823.897378592399
228 -10560.538703807908
230 -10961.725752232136
232 -11287.239419950569
234 -10904.547404284713
236 -10703.650168504244
238 -10721.438737467293
240 -11133.095170973116
242 -10599.733356018709
244 -10964.214949835325
246 -11334.067149193503
248 -10964.94518336256
# total_energy: -8967.4108262077
