# MetaData
# BATCH_SIZE: 20
# RBM_EPOCH_LIMIT: 250
# CRBM_EPOCH_LIMIT: 100
# PLOT_EVERY: 2
# WITH_REGULARIZATION: true
# REGULARIZATION_CONSTANT: 1.0E-6
# WITH_SPARSITY: true
# SPARSITY_CONSTANT: 2.0E-8
# N_HIDDEN_UNIT_RBM: 30
# N_HIDDEN_UNIT_CRBM: 15
# FRAME_RATE: 30
# 
0 -1182.3725890922053
2 -3012.13955659787
4 -15842.330309778976
6 -27589.265503943538
8 -34841.60657864631
10 -39165.41193966158
12 -40781.4461988566
14 -43599.32382369472
16 -45527.971470274875
18 -47405.61219923246
20 -50070.293200714514
22 -52562.22804114809
24 -54929.136747440425
26 -56629.92821694607
28 -58613.276541463594
30 -60048.75795421479
32 -62708.79491876006
34 -63859.0154975216
36 -65878.23891320848
38 -68427.36828504693
40 -69883.71580617236
42 -72047.1437446077
44 -73205.11775516416
46 -75179.84038006313
48 -76157.56412833241
50 -78042.78225313699
52 -79397.79804088426
54 -80420.1304374113
56 -81404.67542001593
58 -83463.50589111651
60 -84496.04506048541
62 -86784.24372697265
64 -87832.55474257632
66 -89168.90721814202
68 -90691.43591725295
70 -91831.29781244142
72 -92914.43297421315
74 -94294.44519243394
76 -96104.76339409812
78 -97206.7249207431
80 -98111.55942606881
82 -99340.56294951215
84 -100580.26059848399
86 -102408.38092322908
88 -103704.18015796428
90 -104682.07981271528
92 -105539.04872342669
94 -106588.84454033818
96 -107191.34683974982
98 -108037.61726826416
100 -109701.49723362314
102 -110907.39089078942
104 -111440.43056630163
106 -112191.98112466004
108 -113356.24781210617
110 -114554.07316933341
112 -115114.29880333744
114 -116194.79214362025
116 -117594.76676271643
118 -117989.28484318803
120 -119269.82078345855
122 -119915.14199830989
124 -120620.31602231973
126 -121802.28287515411
128 -122331.36647657742
130 -123710.42793275401
132 -124265.82904435237
134 -124370.33316688669
136 -126198.91563806415
138 -127207.63279349713
140 -127343.2971636898
142 -129151.00893639469
144 -129175.66551356738
146 -130631.0976025916
148 -131384.96450307337
150 -132182.4434881222
152 -133232.196349195
154 -134064.53726813942
156 -134843.01932680418
158 -135952.4170486208
160 -136706.15104661393
162 -137945.2235906163
164 -138092.0736351151
166 -139766.1418203354
168 -140611.59175982387
170 -142507.0714312349
172 -142584.94894492015
174 -143292.5598561951
176 -144220.23583215362
178 -145570.591062584
180 -146186.5556011278
182 -147841.44436095544
184 -148422.5700003141
186 -150193.99373144523
188 -151044.46157231778
190 -151821.01661242725
192 -154240.60630041058
194 -154742.10859393043
196 -156269.52367948624
198 -157338.1747937459
200 -158982.41493833598
202 -159705.60603462878
204 -161437.0185281307
206 -163786.06076651308
208 -165084.44595814103
210 -167317.62410111443
212 -168962.02413459588
214 -171881.76101240068
216 -173514.29276987302
218 -176230.50598750706
220 -179155.37790533717
222 -180454.2042783139
224 -182640.6937550816
226 -185899.202862451
228 -189918.22150482683
230 -193606.8084940729
232 -196575.95971129515
234 -201852.42942080746
236 -206441.97196719557
238 -212224.00925387134
240 -218545.70650681402
242 -226515.1535373097
244 -235891.1595728542
246 -248439.74490679373
248 -265102.84136366297
# total_energy: -120125.16228256951
