# MetaData
# BATCH_SIZE: 20
# RBM_EPOCH_LIMIT: 250
# CRBM_EPOCH_LIMIT: 100
# PLOT_EVERY: 2
# WITH_REGULARIZATION: true
# REGULARIZATION_CONSTANT: 1.0E-6
# WITH_SPARSITY: true
# SPARSITY_CONSTANT: 2.0E-8
# N_HIDDEN_UNIT_RBM: 30
# N_HIDDEN_UNIT_CRBM: 15
# FRAME_RATE: 30
# 
0 -280.72064026528733
2 -1123.1102628302124
4 -1289.6214804089104
6 -2615.9625228606046
8 -5491.528451781381
10 -6294.112498316801
12 -7543.072966251373
14 -7680.998407206017
16 -7957.807564396016
18 -8168.100682961625
20 -8553.029934911392
22 -8206.841448201087
24 -8835.114585567482
26 -8555.401552766021
28 -8595.511284202294
30 -8244.013146091911
32 -8400.213573433108
34 -8763.290858555167
36 -9066.38131304827
38 -8595.605390378107
40 -8527.784864256653
42 -8069.788913829619
44 -8718.850897594844
46 -8912.161706046938
48 -8927.260213800626
50 -9042.722040512317
52 -8793.203494174933
54 -9060.084614455549
56 -8964.718012542695
58 -8790.547095734479
60 -8988.593334227631
62 -9034.414622907409
64 -8829.98108435125
66 -9230.263361000701
68 -9348.724261686128
70 -8967.929516339535
72 -8912.741453959103
74 -9260.101718921997
76 -9194.26837119272
78 -9469.127964953632
80 -9425.287460823938
82 -9349.707485361438
84 -9350.588792059694
86 -9702.258566154662
88 -9776.421618689275
90 -9522.506882369755
92 -9508.696576702456
94 -9463.15499647818
96 -10000.044650176507
98 -9873.938612821064
100 -9755.655765857631
102 -9689.200074751585
104 -9799.151698887785
106 -9885.954912072537
108 -9742.444718061586
110 -9511.988322260488
112 -9829.796313545372
114 -9456.501834152763
116 -9792.815178046274
118 -9747.061054980126
120 -10209.923530777003
122 -10006.54774981816
124 -10337.833791393856
126 -10082.00898720187
128 -10229.2011877834
130 -10386.399700264323
132 -10076.945365683428
134 -9924.256451660334
136 -10384.142914661414
138 -9973.430358238973
140 -10332.179085716081
142 -10139.566465742359
144 -10618.495583698164
146 -10401.254624519472
148 -10399.43010915411
150 -10465.800323404497
152 -10625.506463061525
154 -10611.31163972919
156 -10183.559031427525
158 -11048.659846543338
160 -10475.7978636919
162 -10750.268858236637
164 -10705.550417020137
166 -10780.263428745426
168 -10597.900182784002
170 -11003.168959443385
172 -10943.40497857771
174 -11169.917045326898
176 -11012.231370539088
178 -10850.458717271023
180 -11142.721002156944
182 -11176.52376388711
184 -10930.517768226426
186 -11405.390036540593
188 -11390.793629839236
190 -11702.25464779807
192 -11213.659359661484
194 -11355.033453723741
196 -11035.881669912525
198 -11399.408356322965
200 -11510.694391533136
202 -11629.406666136209
204 -11611.76775847391
206 -11701.806106669175
208 -11581.907645882611
210 -11503.432212339541
212 -11813.21492049435
214 -11977.134261313533
216 -11864.867851546514
218 -11807.823272157386
220 -12156.740057896592
222 -11996.629941107682
224 -12167.409979327727
226 -11904.756692397332
228 -12041.985809681548
230 -12317.131629776768
232 -11878.180906274549
234 -12147.093467213102
236 -11997.547352239564
238 -12312.970580962447
240 -12183.777309600055
242 -12221.194825851253
244 -12488.804401905027
246 -12472.330194251877
248 -12617.454814011275
# total_energy: -9870.96434712322
