# MetaData
# BATCH_SIZE: 20
# RBM_EPOCH_LIMIT: 250
# CRBM_EPOCH_LIMIT: 100
# PLOT_EVERY: 2
# WITH_REGULARIZATION: false
# REGULARIZATION_CONSTANT: 1.0E-6
# WITH_SPARSITY: false
# SPARSITY_CONSTANT: 2.0E-8
# N_HIDDEN_UNIT_RBM: 30
# N_HIDDEN_UNIT_CRBM: 15
# FRAME_RATE: 30
# 
0 -250.17799633566125
2 -1248.7180277823156
4 -1307.9032634140974
6 -2379.4835501692705
8 -5274.067915828411
10 -6377.021055152517
12 -7057.829064087443
14 -7678.54206102197
16 -7879.077861326609
18 -8418.09525498905
20 -8216.180891451817
22 -8251.933004627397
24 -8004.399088941931
26 -8067.737573448537
28 -8151.870407100959
30 -7918.708099919663
32 -8205.11318476545
34 -8175.26331789474
36 -7939.729249687184
38 -8250.545266680367
40 -7841.912515666169
42 -8517.592847313472
44 -8308.232192426814
46 -8398.802418061985
48 -8425.16689204685
50 -8310.826366449204
52 -8192.96417783167
54 -8541.723353907006
56 -8620.742519485813
58 -8533.704077174873
60 -8160.274290320679
62 -8848.096100437555
64 -8646.227094756994
66 -8531.060681201367
68 -8449.290424505749
70 -8696.160144300104
72 -8835.545437408524
74 -8651.126933948359
76 -8709.84184378524
78 -8309.09926623685
80 -8804.440765113182
82 -8897.624028993521
84 -8803.357425554868
86 -8907.44450240212
88 -8560.352877990064
90 -8974.168931956692
92 -8958.470949550996
94 -9073.629273889954
96 -9122.94738935033
98 -9060.596782438377
100 -9230.334779832594
102 -9058.496075518826
104 -9387.862676391152
106 -8928.95500087503
108 -9234.844360750008
110 -9082.228493502464
112 -9188.494382037949
114 -9042.597448551092
116 -9112.727035299482
118 -9358.553157258984
120 -9566.254819384101
122 -9450.863859520163
124 -9234.514300435576
126 -9637.061001468292
128 -9383.275552667392
130 -9217.383201751549
132 -9621.06676566491
134 -9646.527977412272
136 -9513.501926559698
138 -9397.83499255102
140 -9983.45494959333
142 -9677.187276940514
144 -9782.99084878125
146 -9777.936651063277
148 -9962.9056497222
150 -9632.627374504229
152 -9973.21780454846
154 -10118.21011956666
156 -10115.367744863053
158 -9523.692983180887
160 -10076.547321252488
162 -10286.2928973174
164 -9862.899812157055
166 -10190.128346404574
168 -10093.524310075103
170 -10358.77209365985
172 -10210.23005564845
174 -10087.7981280157
176 -10481.472816448826
178 -10234.931883676523
180 -9930.40162087976
182 -9928.393688623291
184 -10524.157886400648
186 -10408.418273801635
188 -10574.96747036587
190 -10569.499827219688
192 -10173.31265468644
194 -10455.893669785757
196 -10520.341614137578
198 -10466.707258813185
200 -10727.450349793346
202 -10321.868403939217
204 -10216.78809283455
206 -10566.54041994953
208 -10527.98526933467
210 -10728.983433823283
212 -10528.710811307597
214 -10791.030353463206
216 -10734.51406292966
218 -11093.072969299614
220 -10830.624679175271
222 -10412.361816856284
224 -11043.783253137313
226 -10786.71926814959
228 -11033.827274722165
230 -10991.549142585805
232 -10757.626700416555
234 -10931.476881286013
236 -11171.156577048794
238 -10660.891579622286
240 -10852.532154704888
242 -10912.622561875047
244 -10981.34701428216
246 -11328.021390332004
248 -11410.235658839327
# total_energy: -9186.889596787241
