# MetaData
# BATCH_SIZE: 20
# RBM_EPOCH_LIMIT: 250
# CRBM_EPOCH_LIMIT: 100
# PLOT_EVERY: 2
# WITH_REGULARIZATION: false
# REGULARIZATION_CONSTANT: 1.0E-6
# WITH_SPARSITY: false
# SPARSITY_CONSTANT: 2.0E-8
# N_HIDDEN_UNIT_RBM: 30
# N_HIDDEN_UNIT_CRBM: 15
# FRAME_RATE: 30
# 
0 -205.785595958852
2 -912.295043782388
4 -875.2391477772752
6 -1214.709471005365
8 -5007.506121778614
10 -5802.127920604102
12 -6438.044938276316
14 -6900.971380405952
16 -7228.797204287108
18 -7411.371887488286
20 -7451.9250425904675
22 -7757.603088377048
24 -7833.422274560425
26 -7902.681198166043
28 -8032.669374017852
30 -8071.033180902002
32 -8078.258642000503
34 -8191.450675515553
36 -8455.687972318967
38 -8211.36112836476
40 -8314.80935573841
42 -8346.481250929663
44 -8513.765251691208
46 -8522.19985160889
48 -8774.972826062503
50 -9017.184624813146
52 -9162.051089137476
54 -9138.624457809128
56 -9046.76243347882
58 -9144.947945261672
60 -8938.112643044942
62 -9287.496705612659
64 -9111.389440596693
66 -9287.874505737784
68 -9336.674524429356
70 -9756.533195113321
72 -9474.926013357503
74 -9574.586655056299
76 -9597.998908808475
78 -9601.542622311566
80 -9793.132112798521
82 -9935.051230994339
84 -10174.74342460347
86 -10010.906865852463
88 -10015.818152385089
90 -10160.19062475208
92 -10173.53585864318
94 -10279.607689618619
96 -10294.777364595764
98 -10345.293312176263
100 -10268.541275959
102 -10420.813139364254
104 -10527.53194752392
106 -10581.94930145863
108 -10230.261465732885
110 -10918.485925206061
112 -10660.782280204367
114 -10696.601929323026
116 -10787.872051292648
118 -10935.642920859216
120 -10858.56694923054
122 -11076.142535784467
124 -11070.53771478287
126 -11208.952092376081
128 -11204.481841826117
130 -11380.771444637128
132 -11324.743244949701
134 -11394.998246586334
136 -11330.524800683643
138 -11430.932425097215
140 -11318.10708174387
142 -11371.682008063948
144 -11558.120397637558
146 -11606.583966794657
148 -11496.532966130218
150 -11624.849723733658
152 -11993.992854700873
154 -11776.93837486044
156 -11798.55626785107
158 -11912.217802228028
160 -12019.278190934532
162 -12044.692863919692
164 -12186.131741163594
166 -12383.242206719653
168 -12127.929588602748
170 -12136.48185425641
172 -12287.558384787882
174 -12363.060048138766
176 -12176.289858819284
178 -12380.47619418949
180 -12534.539755680205
182 -12395.635512241026
184 -12620.691647856
186 -12733.490374693089
188 -12611.470247219226
190 -12697.132128628202
192 -12754.75304929328
194 -12735.96196593187
196 -12700.046318410068
198 -13176.17697815574
200 -12913.337153848483
202 -13027.220515374342
204 -13015.23824017753
206 -13326.361673328449
208 -13058.812603208133
210 -13176.189226859098
212 -13095.636345751338
214 -13101.837811430587
216 -13218.53902720203
218 -13250.14778729056
220 -13123.275494472295
222 -13246.29458052156
224 -13159.871935399786
226 -13260.725205490018
228 -13216.035011540163
230 -13615.416497072525
232 -13565.354188895077
234 -13425.152841350922
236 -13584.43533377225
238 -13562.755284580304
240 -13582.737845086385
242 -13515.788282719323
244 -13681.45784881964
246 -13700.470378054286
248 -13552.924751537405
# total_energy: -10575.381615801944
