# MetaData
# BATCH_SIZE: 20
# RBM_EPOCH_LIMIT: 250
# CRBM_EPOCH_LIMIT: 100
# PLOT_EVERY: 2
# WITH_REGULARIZATION: true
# REGULARIZATION_CONSTANT: 1.0E-7
# WITH_SPARSITY: true
# SPARSITY_CONSTANT: 2.0E-9
# N_HIDDEN_UNIT_RBM: 30
# N_HIDDEN_UNIT_CRBM: 15
# FRAME_RATE: 30
# 
0 -317.61654388429827
2 -1504.2135353756355
4 -1740.0950553481305
6 -3369.8085741185037
8 -5608.274998121523
10 -6450.5036022539925
12 -7138.650974467819
14 -7268.892902825011
16 -7634.357420852716
18 -7722.593463611636
20 -7982.160626669322
22 -8253.004676698325
24 -8336.154980782383
26 -8716.780160881623
28 -8328.656967256638
30 -8297.669944170495
32 -8695.657580804851
34 -7972.316102483875
36 -8029.713249554644
38 -8249.031620388412
40 -8585.016477537463
42 -8883.63017629694
44 -8644.578026638968
46 -8334.303681519275
48 -8110.98933578845
50 -8615.88487666038
52 -8595.521522427996
54 -8670.386528303032
56 -8524.713628363623
58 -8640.92014895692
60 -8609.152507380873
62 -8748.389557486682
64 -8493.824818010871
66 -8445.712983721642
68 -8985.969175991582
70 -8547.490679593979
72 -8746.21147653888
74 -8587.526889818475
76 -8743.969610363289
78 -8567.680404523044
80 -8698.679783400343
82 -9053.338638853616
84 -8605.881515805688
86 -8525.532732614867
88 -8736.15337033675
90 -8968.871137836666
92 -8964.406851143554
94 -8905.240616590967
96 -9083.208766923171
98 -8964.433359845229
100 -9171.780907288952
102 -8914.716351461386
104 -9373.72142891528
106 -8747.416440475581
108 -9488.287021749738
110 -9166.515144240204
112 -9222.038836219117
114 -8938.053977853628
116 -9471.050086990012
118 -9222.975570765328
120 -9409.535261196212
122 -9504.910466736075
124 -9261.178334637048
126 -9476.957111186752
128 -9414.265821905672
130 -9268.524159912744
132 -9738.562977375414
134 -9717.328335343034
136 -9734.912188625187
138 -9867.708618388782
140 -9491.981097694088
142 -9997.34445317709
144 -9559.160578015011
146 -10122.912831016258
148 -9825.423432306754
150 -9953.657150278274
152 -9713.933262064776
154 -10148.880792636142
156 -9627.593337231081
158 -10043.713064998872
160 -10394.608269606613
162 -10024.306889931497
164 -10147.998599997121
166 -9574.545101416816
168 -10029.286673025996
170 -10078.415894241072
172 -10285.983015147716
174 -10122.040074029164
176 -10303.714240858664
178 -10396.076193270219
180 -10142.00346739206
182 -10367.972509952393
184 -10336.98004760258
186 -10729.226905220326
188 -10177.887754973015
190 -10472.091778436987
192 -10646.355505695365
194 -10240.200723244208
196 -10878.016404433185
198 -10534.711498689756
200 -11041.565271148498
202 -10843.11174826667
204 -10757.823888481169
206 -10651.265237125748
208 -10474.503539771647
210 -10759.895990438703
212 -10980.30156719713
214 -10651.235588193233
216 -10645.739561872528
218 -10883.042027398193
220 -10701.283712017193
222 -11181.574337320595
224 -10756.9198178089
226 -10839.167487376886
228 -11211.368266496858
230 -11172.903545369169
232 -10951.237274146644
234 -11428.399000355923
236 -11040.655927869819
238 -11119.641536604482
240 -10945.042444847368
242 -11389.221944043607
244 -11297.382383371008
246 -11257.17164654637
248 -11196.583914746698
# total_energy: -9262.866164051899
