# MetaData
# BATCH_SIZE: 20
# RBM_EPOCH_LIMIT: 250
# CRBM_EPOCH_LIMIT: 100
# PLOT_EVERY: 2
# WITH_REGULARIZATION: false
# REGULARIZATION_CONSTANT: 1.0E-7
# WITH_SPARSITY: false
# SPARSITY_CONSTANT: 2.0E-9
# N_HIDDEN_UNIT_RBM: 30
# N_HIDDEN_UNIT_CRBM: 15
# FRAME_RATE: 30
# 
0 -10003.682220794988
2 -13303.330980898134
4 -15487.487092242694
6 -29433.456753515064
8 -37141.24090410833
10 -37466.202263269995
12 -39929.16052150187
14 -40771.67142845931
16 -38685.15876390571
18 -40489.17722158374
20 -42481.91363708902
22 -41879.33015772602
24 -43116.73869850481
26 -43550.3498435863
28 -45427.535231835245
30 -46188.88547243472
32 -47936.262766910164
34 -48558.08571902271
36 -48933.21523848418
38 -47682.93015139579
40 -49533.35298064872
42 -48870.856996731934
44 -51090.75170453831
46 -53405.58060948278
48 -54097.711505720814
50 -51837.84895580258
52 -55143.295409480306
54 -55254.581936662704
56 -53452.39816710961
58 -56523.70829791376
60 -58056.95842711854
62 -56148.45969780093
64 -56862.22700520901
66 -56144.67303194713
68 -57429.5990549884
70 -57419.04233238251
72 -57113.87831370134
74 -58167.53351678123
76 -59933.453873261315
78 -59376.084391717675
80 -60818.99024468254
82 -59154.9310167331
84 -59721.06144416097
86 -60106.42389423722
88 -60876.20702656006
90 -63061.52081883826
92 -62614.23294946453
94 -61337.15162755011
96 -62290.67216064766
98 -63959.742359526674
100 -63959.9034278287
102 -62692.32099073635
104 -61175.82002561262
106 -65398.82149164595
108 -63945.55267405038
110 -65412.88637647887
112 -64964.5670510063
114 -65900.54421786607
116 -66460.6506401477
118 -65222.095318856234
120 -65719.14196059643
122 -67211.92606272001
124 -67384.46461536131
126 -67626.2644108516
128 -68085.21815441284
130 -67037.09978271596
132 -67624.85934103283
134 -67246.45085897495
136 -68794.53546771714
138 -69655.93405747568
140 -70669.56795609192
142 -70126.40688292256
144 -69098.21883377594
146 -68351.06352892086
148 -71125.50602605469
150 -70972.71128745613
152 -71139.9469922497
154 -70020.03940910264
156 -71642.8693458131
158 -72170.26002624031
160 -69529.85146638691
162 -72505.09093178048
164 -71997.09107272503
166 -71113.13753288247
168 -73683.98470931976
170 -72826.57993311105
172 -74499.84665877756
174 -74473.24296426236
176 -76201.58411239952
178 -75886.62031151724
180 -73843.31940410675
182 -73579.90624892538
184 -76569.37061377305
186 -76019.48016904772
188 -76373.42049553437
190 -74655.59899631767
192 -73076.0490728778
194 -75876.31142957241
196 -76711.23833235473
198 -76049.34236136857
200 -75267.0273568727
202 -77017.84049371188
204 -76003.73939085018
206 -73807.52169569777
208 -76185.39116825564
210 -77104.00071881975
212 -79560.68024062144
214 -76611.05806499922
216 -78523.17927347239
218 -76016.74080852968
220 -77577.84951486364
222 -78251.20082192567
224 -77466.41354121626
226 -77769.49916013225
228 -77668.58707965582
230 -77940.93343135464
232 -78661.44940385695
234 -79451.47412683401
236 -77383.01287779323
238 -80588.17150392858
240 -81039.29446575836
242 -79659.09001348108
244 -81431.67285221817
246 -78833.57486067424
248 -77885.24728407775
# total_energy: -63506.24087200022
