# MetaData
# BATCH_SIZE: 20
# RBM_EPOCH_LIMIT: 250
# CRBM_EPOCH_LIMIT: 100
# PLOT_EVERY: 2
# WITH_REGULARIZATION: true
# REGULARIZATION_CONSTANT: 1.0E-7
# WITH_SPARSITY: true
# SPARSITY_CONSTANT: 2.0E-9
# N_HIDDEN_UNIT_RBM: 30
# N_HIDDEN_UNIT_CRBM: 15
# FRAME_RATE: 30
# 
0 -282.2394998784961
2 -1525.8212019782816
4 -1501.7148337390465
6 -3736.305047485955
8 -5925.560228248549
10 -6532.4332489158605
12 -7090.568604776896
14 -7322.37983767571
16 -7393.666467839687
18 -7414.736041493666
20 -8032.039732876444
22 -7941.177669354748
24 -8248.453546166227
26 -8360.100082007652
28 -8423.981935925376
30 -8466.376179227322
32 -8480.150279647187
34 -8147.224180570852
36 -7898.785756978969
38 -8188.108313998683
40 -7992.195246869009
42 -8296.927010626214
44 -8406.849752468775
46 -8390.331117985119
48 -8112.921800570044
50 -8498.108961238397
52 -8638.557637273714
54 -9079.340949435273
56 -8584.13932720632
58 -8538.60113477787
60 -8367.073012757053
62 -8255.678685108782
64 -8233.904072640245
66 -8752.451419546329
68 -8494.150055463295
70 -8321.97620135045
72 -8718.16694537117
74 -8515.191351214924
76 -8448.030245000176
78 -8332.947171296495
80 -8802.526044895298
82 -8833.165699526351
84 -8764.88745166916
86 -8597.981344056047
88 -9054.85018907635
90 -9323.604604858743
92 -8863.496508069204
94 -8813.699126434609
96 -8724.290936160265
98 -9188.124828646429
100 -8761.224073435453
102 -9193.912706754942
104 -8944.583450965056
106 -8826.358566397817
108 -9065.06257093529
110 -8988.405177837969
112 -8705.565420128678
114 -9112.132231799053
116 -8969.068688168943
118 -8828.56213371212
120 -8898.205020570498
122 -8992.537567867188
124 -8900.620742134286
126 -8986.332030401434
128 -9027.66724427342
130 -8997.925068261791
132 -9076.808865032672
134 -9456.084757770004
136 -9268.481129650163
138 -9020.18343564541
140 -9403.464100263462
142 -9643.839762769976
144 -9360.0732819552
146 -9072.464504704783
148 -9604.10083889422
150 -9184.02115357115
152 -9298.416468865282
154 -9466.295203077627
156 -9623.648451693303
158 -9517.551093496553
160 -9428.75295671798
162 -9311.800273939485
164 -9444.620200567942
166 -9301.214291653594
168 -9384.634070453096
170 -9420.886924883422
172 -9780.522284822211
174 -9669.420495340302
176 -9582.220672736921
178 -9449.506253181795
180 -9764.324274429362
182 -9647.329079502493
184 -9754.247564287902
186 -9782.173806867237
188 -9588.93132342378
190 -9701.613635918837
192 -9452.05202428878
194 -9572.893111709494
196 -9777.617197717314
198 -9948.488739761415
200 -9699.644063027627
202 -9601.06322576557
204 -10194.01139113944
206 -9800.317358945158
208 -9747.407504460647
210 -9873.312724869143
212 -9757.456797174238
214 -9884.724779346578
216 -9839.680892934755
218 -10201.308057814531
220 -10228.559141135338
222 -10134.51925714564
224 -10069.151843968695
226 -9874.506594038357
228 -10214.721112869443
230 -9968.466521618204
232 -10164.333933032789
234 -10222.393227331328
236 -10124.986238202267
238 -10411.478458430865
240 -10123.428739492134
242 -10222.958174038731
244 -10328.754945901228
246 -10066.706004485148
248 -10286.791784186902
# total_energy: -8846.828153719756
