# MetaData
# BATCH_SIZE: 20
# RBM_EPOCH_LIMIT: 250
# CRBM_EPOCH_LIMIT: 100
# PLOT_EVERY: 2
# WITH_REGULARIZATION: true
# REGULARIZATION_CONSTANT: 1.0E-7
# WITH_SPARSITY: true
# SPARSITY_CONSTANT: 2.0E-9
# N_HIDDEN_UNIT_RBM: 30
# N_HIDDEN_UNIT_CRBM: 15
# FRAME_RATE: 30
# 
0 -212.48215533772358
2 -1017.3394455570212
4 -1229.573884454873
6 -1348.9124812716195
8 -4545.543046603758
10 -6582.6811534652325
12 -6736.632489420652
14 -6734.936009526767
16 -7409.75640234253
18 -7743.167048013364
20 -7305.786647960261
22 -7387.7513065542735
24 -7775.309294307126
26 -7405.776433692533
28 -7503.015709492618
30 -7904.870782624351
32 -8117.409156552665
34 -7846.161644234599
36 -8028.662179241406
38 -8160.4739076021315
40 -7930.1381859227195
42 -8235.450733876005
44 -7852.240721246769
46 -7900.273013813371
48 -7958.489425040011
50 -7848.875589583504
52 -7953.73225066109
54 -8234.763802848722
56 -8015.5366719018775
58 -8026.2114344678985
60 -7986.555404320945
62 -8114.051766275106
64 -8232.750187359152
66 -8377.929148833138
68 -7971.390209741766
70 -7876.155434996524
72 -8118.764333339918
74 -7911.730598889273
76 -7944.948944319534
78 -7705.580017238663
80 -7931.01497122705
82 -8138.669881384289
84 -8202.123741022768
86 -8397.534842815136
88 -8103.578524833086
90 -8158.2476406115875
92 -8441.33522674547
94 -8119.302656288981
96 -8343.750230112479
98 -8434.210663995236
100 -8536.8984769456
102 -8452.719902760282
104 -8333.694858184092
106 -8488.496404875958
108 -8551.039277177673
110 -8387.219243477235
112 -8559.489789075382
114 -8493.089559852026
116 -8738.207577446667
118 -8404.200849943094
120 -8634.287678585573
122 -8568.053907849644
124 -8628.097525980123
126 -8764.731550384096
128 -8913.946828186505
130 -8759.833537909082
132 -8654.608094010797
134 -9003.860126343927
136 -8880.171459424972
138 -8546.520940012282
140 -8795.70578869637
142 -8683.030890227621
144 -8870.293706317329
146 -9248.394055461571
148 -8714.489992800221
150 -9247.013566110976
152 -9105.440391129752
154 -9041.719441995238
156 -9102.604343291472
158 -9225.258644295662
160 -9270.550673607178
162 -9457.515832938545
164 -9226.462747578546
166 -9333.728389777778
168 -9387.427000413878
170 -9314.54153922067
172 -9162.891548491489
174 -9184.816273743503
176 -9267.26364498156
178 -9188.490080984315
180 -9391.115215712833
182 -9498.035310155024
184 -9448.503482469523
186 -9317.977977512028
188 -9622.257496436443
190 -9501.140332811641
192 -9672.958389107607
194 -9709.945154383879
196 -9645.273880458379
198 -9649.04725669929
200 -9890.329722909268
202 -9609.756662127673
204 -9576.749431589938
206 -9858.4130658584
208 -9376.55621953542
210 -9505.302740455652
212 -9861.182316105924
214 -9746.556321978382
216 -9932.578333873054
218 -10201.342493558228
220 -9851.837281266817
222 -9861.716271119762
224 -9965.948917479154
226 -9953.04009128422
228 -10134.441345614978
230 -10159.357564621992
232 -9951.0638152773
234 -10367.589827082784
236 -10176.25685427864
238 -10340.068720624182
240 -10321.191674730553
242 -10331.6025160968
244 -10538.442586990292
246 -10142.342046116495
248 -10416.461518550377
# total_energy: -8512.918131258633
