# MetaData
# BATCH_SIZE: 20
# RBM_EPOCH_LIMIT: 250
# CRBM_EPOCH_LIMIT: 100
# PLOT_EVERY: 2
# WITH_REGULARIZATION: false
# REGULARIZATION_CONSTANT: 1.0E-7
# WITH_SPARSITY: false
# SPARSITY_CONSTANT: 2.0E-9
# N_HIDDEN_UNIT_RBM: 30
# N_HIDDEN_UNIT_CRBM: 15
# FRAME_RATE: 30
# 
0 -254.12709145395485
2 -1282.7079563832885
4 -1352.733579354874
6 -2770.5240882388975
8 -6244.308846405273
10 -6409.259963958437
12 -7444.581086257571
14 -7955.378655776784
16 -8034.979952844136
18 -7974.998902166979
20 -7963.588371087765
22 -8253.15310663634
24 -8271.990421793775
26 -8619.118898107221
28 -8536.252413834914
30 -8251.800294538694
32 -8431.458849249637
34 -8317.366904165894
36 -8475.572516849865
38 -8703.321375619127
40 -8632.832508198351
42 -8563.632278002986
44 -8498.460569796329
46 -8259.762125642124
48 -8668.542051278875
50 -8513.9242642839
52 -8144.17927188608
54 -8465.120835424541
56 -8630.391866569413
58 -8531.6292968252
60 -8543.221589187318
62 -8605.662330388845
64 -8595.565748557738
66 -8565.578447830596
68 -8719.961801830383
70 -8704.351929717317
72 -8370.581020869278
74 -8546.376067776047
76 -8345.21138534152
78 -8739.032390514187
80 -8854.86317619753
82 -8541.037854014447
84 -8516.065584155102
86 -8292.41036754437
88 -8766.285613683598
90 -9079.37805542106
92 -8877.355694486301
94 -8549.358920299264
96 -8701.623531093426
98 -8356.059978140362
100 -8438.164878794983
102 -8782.965556374102
104 -8682.716013968811
106 -8400.295913833268
108 -8730.128006541649
110 -8891.332255836509
112 -8854.816021271188
114 -8580.12333243927
116 -8964.02114994516
118 -8596.184726001986
120 -8860.089978903816
122 -8636.455531469699
124 -8850.116016231024
126 -8961.947721299533
128 -8480.196709395621
130 -8568.682544761905
132 -8860.186025579595
134 -8757.407792640644
136 -8736.306375699009
138 -9006.643834795292
140 -8755.867137824422
142 -8629.18395484531
144 -8866.312016991636
146 -9082.83823124057
148 -8951.961274776717
150 -8782.360968744455
152 -9106.67596603566
154 -8829.147834517644
156 -9368.83933604563
158 -8928.05890029706
160 -8905.882556789173
162 -8741.663071692185
164 -9193.474279387834
166 -9171.257826616473
168 -9210.98669110739
170 -9276.196274577593
172 -9660.958966015673
174 -8892.737689461432
176 -9469.616701936859
178 -9101.353444932423
180 -9366.475701088704
182 -9586.154569965534
184 -9116.02296563391
186 -9252.587290293326
188 -9178.984204364213
190 -9287.178630697492
192 -9142.276733980558
194 -9344.396072640695
196 -8904.538497418092
198 -9295.181012798943
200 -9187.336609040332
202 -9488.451454859813
204 -9103.938554226268
206 -9139.564676374022
208 -9183.825684768686
210 -9395.5078019732
212 -9314.001230149797
214 -9621.745209799195
216 -9289.106011255602
218 -9602.884806557873
220 -9641.796286691422
222 -9647.707767223299
224 -9509.666185325328
226 -9294.396520130418
228 -9570.774004977795
230 -9595.329347624483
232 -9736.509238900244
234 -9575.459586832081
236 -9453.946099667784
238 -9857.49043803588
240 -9645.911967351205
242 -9665.199024733674
244 -9605.299401257857
246 -9703.411768854641
248 -9730.009135462427
# total_energy: -8610.58318264203
