# MetaData
# BATCH_SIZE: 20
# RBM_EPOCH_LIMIT: 250
# CRBM_EPOCH_LIMIT: 100
# PLOT_EVERY: 2
# WITH_REGULARIZATION: false
# REGULARIZATION_CONSTANT: 1.0E-7
# WITH_SPARSITY: false
# SPARSITY_CONSTANT: 2.0E-9
# N_HIDDEN_UNIT_RBM: 30
# N_HIDDEN_UNIT_CRBM: 15
# FRAME_RATE: 30
# 
0 -346.4238619168307
2 -1507.9407688635933
4 -1581.844483255831
6 -3245.2485236173407
8 -5733.072243619013
10 -6209.047057692911
12 -7234.463636713841
14 -7408.211161139727
16 -7730.675180876061
18 -7783.403164553368
20 -8051.511703740744
22 -8270.033414928721
24 -8665.167700379921
26 -8364.667189524938
28 -8589.486727854792
30 -8398.090698708435
32 -8287.431968333001
34 -8754.106496594984
36 -8620.070166179281
38 -8798.549917856655
40 -8562.46705938946
42 -8382.515507910415
44 -8794.909937229118
46 -8831.913831015534
48 -8776.042126496832
50 -8553.959370117209
52 -8880.058505579369
54 -8806.494472986446
56 -8818.778521458806
58 -8804.85469546652
60 -8898.661551157247
62 -9093.162598143314
64 -8863.896915332036
66 -9055.998651173948
68 -8763.01899040945
70 -9257.198061730449
72 -9314.566588007858
74 -9237.844374728433
76 -8951.821694264723
78 -9207.87899423876
80 -8970.74338745688
82 -8837.709481644391
84 -9298.601705531346
86 -9431.438617347052
88 -9566.389846930819
90 -9294.51922986225
92 -9429.58833855683
94 -9406.010475069512
96 -9590.574423156115
98 -9671.78829889825
100 -9448.650521272944
102 -9590.358062171508
104 -9744.244731036368
106 -9698.558300345938
108 -9773.204693564408
110 -9797.173238281388
112 -9741.861937088412
114 -9694.74647908786
116 -9379.930933315101
118 -9661.026409148364
120 -9757.584217116317
122 -9761.008926986455
124 -9701.769230598298
126 -9604.590943835085
128 -9544.385186137932
130 -9806.022057639935
132 -9693.250665537194
134 -10023.662752528702
136 -9903.710243536701
138 -9478.08996473758
140 -9588.189605862484
142 -9850.765991892464
144 -9909.167800253685
146 -9966.871282847187
148 -10236.206126806694
150 -10291.036190232238
152 -9882.278281413732
154 -10332.942501397201
156 -9946.687623588714
158 -10537.78339719435
160 -10218.329145418105
162 -10073.882945903511
164 -10461.423728331583
166 -10333.32244642644
168 -9997.353762615123
170 -10039.683057526541
172 -10556.015917152565
174 -10601.863612857971
176 -10431.577100036264
178 -10019.607524514811
180 -10285.659043931264
182 -10378.86729261529
184 -10791.332899375147
186 -10220.699746563567
188 -10605.670311806276
190 -10304.235959090238
192 -10706.72615706456
194 -10701.003576330995
196 -10559.166387459556
198 -10197.800046394823
200 -10694.861568699514
202 -10546.556198046712
204 -10784.565846201465
206 -10865.518781910148
208 -10634.578322903286
210 -10645.072112991893
212 -10843.97206236009
214 -11147.569284812107
216 -10812.081866607648
218 -10824.970705214795
220 -10885.590878066718
222 -10636.985507351548
224 -10781.696606131343
226 -10685.27451789976
228 -10899.85248050567
230 -11415.486209262559
232 -10896.97413000879
234 -11181.867094511663
236 -11263.099108502172
238 -11135.452074394736
240 -11346.033759975466
242 -10897.069729531915
244 -11726.746653576889
246 -11206.08819540248
248 -11165.498114034952
# total_energy: -9445.490344667309
