# MetaData
# BATCH_SIZE: 20
# RBM_EPOCH_LIMIT: 250
# CRBM_EPOCH_LIMIT: 100
# PLOT_EVERY: 2
# WITH_REGULARIZATION: true
# REGULARIZATION_CONSTANT: 1.0E-7
# WITH_SPARSITY: true
# SPARSITY_CONSTANT: 2.0E-9
# N_HIDDEN_UNIT_RBM: 30
# N_HIDDEN_UNIT_CRBM: 15
# FRAME_RATE: 30
# 
0 -344.2457901303735
2 -1668.834372674263
4 -1457.9222710706908
6 -3319.548213751137
8 -5642.647520784452
10 -6064.612202157814
12 -6883.568868441013
14 -7227.975467162611
16 -7809.813297738174
18 -7739.368857260329
20 -7885.36332042557
22 -7866.952022483393
24 -8622.941435059984
26 -8488.109990344483
28 -8806.324063774347
30 -8566.819058350658
32 -8797.516024236951
34 -8739.962496595075
36 -8566.541024911689
38 -8686.39313168652
40 -8820.238218509987
42 -8525.804622661573
44 -8986.14994725051
46 -9094.011970684254
48 -8527.65625069886
50 -9061.801988074682
52 -8733.897387650326
54 -9033.00245977195
56 -9059.478611816789
58 -9197.206335220642
60 -9008.313191285233
62 -9545.141465496179
64 -9107.92631973621
66 -9190.453346627399
68 -9027.491887992956
70 -8981.33494430214
72 -9205.15996814367
74 -9420.615035474488
76 -9533.519497720154
78 -9068.310515623887
80 -9469.945386653362
82 -9557.384690419896
84 -9673.871681805274
86 -9609.767789548254
88 -9608.55988658897
90 -10157.07430395487
92 -9534.917274676489
94 -9451.045363218544
96 -10028.487867660864
98 -9622.578020454497
100 -9461.509601532396
102 -9899.764824722812
104 -10008.68411082862
106 -10181.81603541326
108 -9622.437213759918
110 -9934.577476787537
112 -9918.895627776106
114 -9907.931387011173
116 -10053.673027552715
118 -10170.291470261507
120 -10061.747266771425
122 -9960.12619404733
124 -10199.404274724495
126 -10537.475361828032
128 -10223.634107924257
130 -10369.870999618573
132 -10459.514653819026
134 -10423.993940132905
136 -10771.992485453611
138 -10544.964715963637
140 -10568.178142496015
142 -10822.839319458384
144 -10749.58964877994
146 -10604.129240638818
148 -10823.600532045242
150 -10683.000085601507
152 -10453.233600858339
154 -10811.506795717367
156 -10479.327831874742
158 -10910.305040973184
160 -10825.926625053164
162 -11104.321793546884
164 -10647.576552582397
166 -10734.475193480002
168 -11000.1942297909
170 -10809.688107847642
172 -11009.889777214745
174 -11110.398398238181
176 -11142.2414486002
178 -11133.311704966743
180 -11209.386434884751
182 -11520.652444678677
184 -11425.471559153482
186 -11461.41814980092
188 -11524.810109480397
190 -11392.539485968055
192 -11584.448095673783
194 -11475.790148626906
196 -11413.044567430377
198 -11661.903709739767
200 -11398.77406366942
202 -12045.385213065409
204 -11638.9629548937
206 -12245.482718098756
208 -11924.812992371673
210 -11994.564907606582
212 -11873.972133851184
214 -12219.249661214275
216 -11841.96393379831
218 -12110.898680186765
220 -12214.44559820553
222 -12252.100537338623
224 -12086.018548688247
226 -11953.26929390626
228 -12273.076535271073
230 -12076.91791505314
232 -12590.071662529273
234 -12522.752400181802
236 -12610.694112910998
238 -12304.320425938338
240 -12362.387695910804
242 -12382.446372656515
244 -12683.13840005386
246 -12589.704177955582
248 -12453.401429610669
# total_energy: -9995.84737259888
