# MetaData
# BATCH_SIZE: 20
# RBM_EPOCH_LIMIT: 250
# CRBM_EPOCH_LIMIT: 100
# PLOT_EVERY: 2
# WITH_REGULARIZATION: false
# REGULARIZATION_CONSTANT: 1.0E-7
# WITH_SPARSITY: false
# SPARSITY_CONSTANT: 2.0E-9
# N_HIDDEN_UNIT_RBM: 30
# N_HIDDEN_UNIT_CRBM: 15
# FRAME_RATE: 30
# 
0 -10729.7637646574
2 -14632.498024715056
4 -19603.436039270084
6 -29703.095116109303
8 -37378.85133640583
10 -39012.57834287661
12 -39619.24823230284
14 -40214.8215043302
16 -40230.819850516855
18 -40881.03794622594
20 -42085.3879885549
22 -44246.58809547775
24 -42811.35799615557
26 -44057.83192989269
28 -46066.23294677681
30 -45196.52138295719
32 -46679.53755091696
34 -46554.9745175715
36 -48020.110054823235
38 -48578.024465349336
40 -47688.77494860041
42 -48516.01718183344
44 -48145.01223082028
46 -48128.40202294594
48 -49288.52374523115
50 -51817.241591087935
52 -50993.46326237673
54 -51664.57179605741
56 -51124.224069522206
58 -52877.37042185781
60 -52703.73108797697
62 -52653.362726556734
64 -52367.44038350311
66 -54557.63375673682
68 -53018.16654378306
70 -52530.798342015696
72 -56356.294014063256
74 -54074.39445803978
76 -54354.368629467615
78 -54352.344138650034
80 -55292.50795313055
82 -58062.26748391524
84 -54168.114299439345
86 -56990.567466310546
88 -55065.6790607487
90 -55662.47907051073
92 -55685.652073488985
94 -56850.78337572961
96 -56011.78529533744
98 -56365.37824749658
100 -57723.49616117528
102 -58324.30481004897
104 -57831.576315930586
106 -57636.19650998195
108 -59684.464705246304
110 -59671.301669837696
112 -58913.59552658908
114 -57854.37554520168
116 -59170.68291104434
118 -59908.168246753165
120 -59978.51692734725
122 -60750.11655882332
124 -62272.33857048616
126 -61508.84315175196
128 -61493.558474756544
130 -62178.13882229369
132 -63452.63158473669
134 -61155.22695619102
136 -61209.180273156904
138 -60928.801138540475
140 -61092.287379644105
142 -63415.247033490836
144 -63110.33137152772
146 -61945.50460872084
148 -63510.412093248444
150 -63817.25974873052
152 -63494.514631602644
154 -61775.82454490223
156 -62691.52266659943
158 -62535.65289728255
160 -64058.733317826285
162 -64665.004845135365
164 -65225.76791328535
166 -64639.39653417796
168 -64440.54012540174
170 -64433.88591671456
172 -65562.598053482
174 -63341.05674711268
176 -64729.174654401424
178 -63947.2937100904
180 -66171.77255813201
182 -65479.55768253953
184 -65583.26165157864
186 -65193.38620889121
188 -68147.34385684652
190 -66451.12566982668
192 -63770.55192757395
194 -65045.07134481443
196 -67442.90816589296
198 -66913.66033560867
200 -65444.94457600474
202 -68231.92806087428
204 -67737.55505724641
206 -67235.61815969548
208 -65907.19768218622
210 -69182.95408671969
212 -68642.01897779977
214 -65435.0412909152
216 -68624.34903996052
218 -70473.50909723833
220 -67128.30956405625
222 -70030.13893443768
224 -68247.13488295059
226 -68060.75499374495
228 -69832.38638527786
230 -71891.54090625438
232 -67765.80168764839
234 -68783.31622343116
236 -69640.1032327052
238 -68547.72894040713
240 -70022.25924064883
242 -71180.94022500896
244 -70568.90202421606
246 -69159.97647141096
248 -71398.01239766719
# total_energy: -57736.94921565281
