# MetaData
# BATCH_SIZE: 20
# RBM_EPOCH_LIMIT: 250
# CRBM_EPOCH_LIMIT: 100
# PLOT_EVERY: 2
# WITH_REGULARIZATION: false
# REGULARIZATION_CONSTANT: 1.0E-7
# WITH_SPARSITY: false
# SPARSITY_CONSTANT: 2.0E-9
# N_HIDDEN_UNIT_RBM: 3
# N_HIDDEN_UNIT_CRBM: 15
# FRAME_RATE: 30
# 
0 -1705.4865730699735
2 -11533.83977499393
4 -13873.881506920545
6 -14265.235507866779
8 -17408.02337535339
10 -18887.31876244717
12 -20234.32580037474
14 -20770.66798960487
16 -23122.141578253624
18 -21749.18650013848
20 -23582.001356545265
22 -24058.099773909933
24 -24375.20225576846
26 -25658.844599238597
28 -24540.375951707283
30 -25166.15652812864
32 -26153.403766348103
34 -26922.883920897144
36 -26419.923394154368
38 -26360.829124646345
40 -27537.207559040628
42 -27739.487770168234
44 -28417.261812537454
46 -26688.12753286262
48 -28270.52252331498
50 -26932.975048026576
52 -27694.460876639143
54 -28461.313709168557
56 -27541.656053899664
58 -29138.351745933807
60 -30232.42219199713
62 -29301.79182447235
64 -29608.111108535595
66 -28488.280023399137
68 -30036.917363358953
70 -29861.051896813497
72 -29678.288876024548
74 -30790.497258780328
76 -29242.069021213825
78 -31950.868869913753
80 -30121.92364399666
82 -30102.421302832594
84 -31040.765421509503
86 -31247.07603325572
88 -31103.855734142173
90 -31187.17675121948
92 -31512.215903781223
94 -33492.72847405601
96 -32990.409362710045
98 -32325.39665816311
100 -33699.10186018913
102 -32284.404082201974
104 -32624.604908011133
106 -33061.987079810315
108 -32685.43814048404
110 -33358.87469627557
112 -33792.45118547178
114 -34087.57206259065
116 -33815.55750636119
118 -34616.38197416308
120 -33676.620899454065
122 -34311.038753775116
124 -34653.23361970373
126 -34299.890040781465
128 -34801.857663458955
130 -34832.41985210248
132 -35806.42662225842
134 -35348.610672761504
136 -34911.57848069212
138 -35443.89290047927
140 -35730.68502206732
142 -35430.20651883625
144 -36323.93925189012
146 -36023.5151083238
148 -38090.03395996705
150 -36496.14134304567
152 -37700.85442564907
154 -36008.56855427892
156 -38708.72856791572
158 -38389.615648091014
160 -38382.46681070411
162 -37740.290182971694
164 -37060.55064268929
166 -38587.66602574475
168 -38795.63351235129
170 -39537.25198687011
172 -37558.60545620554
174 -38564.993443650834
176 -38967.825313703135
178 -40782.32994916633
180 -39116.64234854048
182 -40495.37315012664
184 -39915.68538751357
186 -39716.232891656175
188 -41484.04147690921
190 -40582.2346502383
192 -41411.80327061051
194 -42394.881241812065
196 -40979.87575351945
198 -42972.77429039814
200 -42649.15637135704
202 -42258.91436392653
204 -40617.1593587503
206 -40949.332895246494
208 -42308.57994991002
210 -41644.6372670017
212 -41821.44117130374
214 -42904.69938866702
216 -42124.79612030865
218 -43878.07157262463
220 -43194.83121219156
222 -42825.91575743806
224 -43716.151669957966
226 -44375.068879768776
228 -42050.65130277192
230 -43164.00938590318
232 -42973.54906752299
234 -42188.60148950841
236 -43133.59514245541
238 -44425.6674690043
240 -43552.921501390025
242 -43292.200913347435
244 -44426.939997794856
246 -44528.76070494147
248 -44965.68141052368
# total_energy: -33836.44947153779
